app/manifest-merger-release-report.txt
-- Merging decision tree log ---
manifest
ADDED from AndroidManifest.xml:2:1
	package
		ADDED from AndroidManifest.xml:3:11
		INJECTED from AndroidManifest.xml:0:0
		INJECTED from AndroidManifest.xml:0:0
	android:versionName
		ADDED from AndroidManifest.xml:5:11
		INJECTED from AndroidManifest.xml:0:0
		INJECTED from AndroidManifest.xml:0:0
	android:versionCode
		ADDED from AndroidManifest.xml:4:11
		INJECTED from AndroidManifest.xml:0:0
		INJECTED from AndroidManifest.xml:0:0
	xmlns:android
		ADDED from AndroidManifest.xml:2:11
uses-permission#android.permission.INTERNET
ADDED from AndroidManifest.xml:7:5
	android:name
		ADDED from AndroidManifest.xml:7:22
permission#android.permission.MEDIA_CONTENT_CONTROL
ADDED from AndroidManifest.xml:8:5
	android:name
		ADDED from AndroidManifest.xml:8:17
uses-permission#android.permission.WRITE_EXTERNAL_STORAGE
ADDED from AndroidManifest.xml:9:5
	android:name
		ADDED from AndroidManifest.xml:9:22
uses-sdk
ADDED from AndroidManifest.xml:11:5
MERGED from com.android.support:appcompat-v7:21.0.3:15:5
MERGED from com.android.support:support-v4:21.0.3:15:5
MERGED from com.vk:androidsdk:1.3.7:7:5
MERGED from com.android.support:support-v4:21.0.3:15:5
	android:targetSdkVersion
		INJECTED from AndroidManifest.xml:0:0
		INJECTED from AndroidManifest.xml:0:0
	android:minSdkVersion
		ADDED from AndroidManifest.xml:11:15
		INJECTED from AndroidManifest.xml:0:0
		INJECTED from AndroidManifest.xml:0:0
application
ADDED from AndroidManifest.xml:12:5
MERGED from com.android.support:appcompat-v7:21.0.3:16:5
MERGED from com.android.support:support-v4:21.0.3:16:5
MERGED from com.vk:androidsdk:1.3.7:11:5
MERGED from com.android.support:support-v4:21.0.3:16:5
	android:label
		ADDED from AndroidManifest.xml:12:18
	android:icon
		ADDED from AndroidManifest.xml:12:51
activity#io.daydev.vkrdo.MainActivity
ADDED from AndroidManifest.xml:13:9
	android:name
		ADDED from AndroidManifest.xml:13:19
intent-filter#android.intent.action.HEADSET_PLUG+android.intent.action.MAIN+android.intent.category.LAUNCHER+android.media.AUDIO_BECOMING_NOISY
ADDED from AndroidManifest.xml:14:13
action#android.intent.action.MAIN
ADDED from AndroidManifest.xml:15:17
	android:name
		ADDED from AndroidManifest.xml:15:25
category#android.intent.category.LAUNCHER
ADDED from AndroidManifest.xml:16:17
	android:name
		ADDED from AndroidManifest.xml:16:27
action#android.media.AUDIO_BECOMING_NOISY
ADDED from AndroidManifest.xml:17:17
	android:name
		ADDED from AndroidManifest.xml:17:25
action#android.intent.action.HEADSET_PLUG
ADDED from AndroidManifest.xml:18:17
	android:name
		ADDED from AndroidManifest.xml:18:25
activity#com.vk.sdk.VKOpenAuthActivity
ADDED from AndroidManifest.xml:21:9
MERGED from com.vk:androidsdk:1.3.7:12:9
	android:name
		ADDED from AndroidManifest.xml:21:19
service#io.daydev.vkrdo.service.PlayListService
ADDED from AndroidManifest.xml:22:9
	android:name
		ADDED from AndroidManifest.xml:22:18
service#io.daydev.vkrdo.service.MediaPlayerService
ADDED from AndroidManifest.xml:23:9
	android:name
		ADDED from AndroidManifest.xml:23:18